#
# A fatal error has been detected by the Java Runtime Environment:
#
#  SIGSEGV (0xb) at pc=0x0000000101556358, pid=49101, tid=17155
#
# JRE version: Java(TM) SE Runtime Environment (8.0_91-b14) (build 1.8.0_91-b14)
# Java VM: Java HotSpot(TM) 64-Bit Server VM (25.91-b14 mixed mode bsd-amd64 compressed oops)
# Problematic frame:
# V  [libjvm.dylib+0x448358]  Method::checked_resolve_jmethod_id(_jmethodID*)+0xe
#
# Failed to write core dump. Core dumps have been disabled. To enable core dumping, try "ulimit -c unlimited" before starting Java again
#
# If you would like to submit a bug report, please visit:
#   http://bugreport.java.com/bugreport/crash.jsp
#

---------------  T H R E A D  ---------------

Current thread (0x00007fde63813000):  JavaThread "JDWP Transport Listener: dt_socket" daemon [_thread_in_vm, id=17155, stack(0x0000700000b3b000,0x0000700000c3b000)]

siginfo: si_signo: 11 (SIGSEGV), si_code: 0 (unknown), si_addr: 0x0000000000000000

Registers:
RAX=0x0000000000000001, RBX=0x0000700000c3aa8b, RCX=0x0000000101926340, RDX=0x0000700000c3aa8b
RSP=0x0000700000c3a9d0, RBP=0x0000700000c3a9e0, RSI=0x00007fde63813000, RDI=0x40eb7662de7f0000
R8 =0x0000000000000001, R9 =0x0000000000000000, R10=0x0000000000000002, R11=0x00007fde62400000
R12=0x00007fde63813000, R13=0x40eb7662de7f0000, R14=0x40eb7662de7f0000, R15=0x00007fde627028e0
RIP=0x0000000101556358, EFLAGS=0x0000000000010206, ERR=0x0000000000000000
  TRAPNO=0x000000000000000d

Top of Stack: (sp=0x0000700000c3a9d0)
0x0000700000c3a9d0:   0000700000c3aa8b 0000700000c3aa8b
0x0000700000c3a9e0:   0000700000c3aa40 0000000101465316
0x0000700000c3a9f0:   00007fde63813000 0000000000000000
0x0000700000c3aa00:   0000000000000000 0000000000000000
0x0000700000c3aa10:   00007fde63813000 00007fde63813000
0x0000700000c3aa20:   0000700000c3aa8b 0000700000c3aa90
0x0000700000c3aa30:   40eb7662de7f0000 0000000000000003
0x0000700000c3aa40:   0000700000c3aa60 000000010210a780
0x0000700000c3aa50:   0000000000000001 0000700000c3ab08
0x0000700000c3aa60:   0000700000c3aad0 00000001020ef1f3
0x0000700000c3aa70:   0000700000c3aaa0 00007fde62465c00
0x0000700000c3aa80:   0000000500000032 0000000100c3ab08
0x0000700000c3aa90:   0000000000000000 0000000000000000
0x0000700000c3aaa0:   0000000000000000 0000700000c3ac90
0x0000700000c3aab0:   0000000102111e7a 00007fde626787f0
0x0000700000c3aac0:   0000700000c3ab08 000000010211d598
0x0000700000c3aad0:   0000700000c3aae0 00000001020ef2ec
0x0000700000c3aae0:   0000700000c3ad00 00000001020f8898
0x0000700000c3aaf0:   00009c1100000013 00000000000f0200
0x0000700000c3ab00:   00007fde62678850 0000700000c3abd1
0x0000700000c3ab10:   00007fde000000b3 0000700000c3ab20
0x0000700000c3ab20:   0000000000000079 0000700000c3ab58
0x0000700000c3ab30:   0000000000000000 0000000000000000
0x0000700000c3ab40:   00009c110000000f 00007fff00000c80
0x0000700000c3ab50:   0000700000c3ab58 de7f000005000000
0x0000700000c3ab60:   06000000f8364162 00003e74696e693c
0x0000700000c3ab70:   0000005629280300 7f00000100000000
0x0000700000c3ab80:   00000020374162de 746164696c61760e
0x0000700000c3ab90:   00706574536e6f69 0000562928030000
0x0000700000c3aba0:   0000010000000000 000018374162de7f
0x0000700000c3abb0:   6e6f636572701000 74536e6f69746964
0x0000700000c3abc0:   2928030000007065 0000000000000056 

Instructions: (pc=0x0000000101556358)
0x0000000101556338:   40 48 48 85 c0 75 e0 30 c0 0f b6 c0 5d c3 31 c0
0x0000000101556348:   5d c3 55 48 89 e5 53 48 83 ec 08 48 85 ff 74 24
0x0000000101556358:   48 8b 1f 48 85 db 74 1c 48 83 fb 37 74 16 48 8b
0x0000000101556368:   03 48 89 df ff 50 10 84 c0 b8 00 00 00 00 48 0f 

Register to memory mapping:

RAX=0x0000000000000001 is an unknown value
RBX=0x0000700000c3aa8b is pointing into the stack for thread: 0x00007fde63813000
RCX=0x0000000101926340: UseMembar+0 in /Library/Java/JavaVirtualMachines/jdk1.8.0_91.jdk/Contents/Home/jre/lib/server/libjvm.dylib at 0x000000010110e000
RDX=0x0000700000c3aa8b is pointing into the stack for thread: 0x00007fde63813000
RSP=0x0000700000c3a9d0 is pointing into the stack for thread: 0x00007fde63813000
RBP=0x0000700000c3a9e0 is pointing into the stack for thread: 0x00007fde63813000
RSI=0x00007fde63813000 is a thread
RDI=0x40eb7662de7f0000 is an unknown value
R8 =0x0000000000000001 is an unknown value
R9 =0x0000000000000000 is an unknown value
R10=0x0000000000000002 is an unknown value
R11=0x00007fde62400000 is an unknown value
R12=0x00007fde63813000 is a thread
R13=0x40eb7662de7f0000 is an unknown value
R14=0x40eb7662de7f0000 is an unknown value
R15=0x00007fde627028e0 is an unknown value


Stack: [0x0000700000b3b000,0x0000700000c3b000],  sp=0x0000700000c3a9d0,  free space=1022k
Native frames: (J=compiled Java code, j=interpreted, Vv=VM code, C=native code)
V  [libjvm.dylib+0x448358]  Method::checked_resolve_jmethod_id(_jmethodID*)+0xe
V  [libjvm.dylib+0x357316]  jvmti_IsMethodSynthetic+0xb2
C  [libjdwp.dylib+0x20780]  isMethodSynthetic+0x63
C  [libjdwp.dylib+0x51f3]  methods1+0x10b
C  [libjdwp.dylib+0x52ec]  methodsWithGeneric+0xe
C  [libjdwp.dylib+0xe898]  debugLoop_run+0x1ce
C  [libjdwp.dylib+0x1f6ba]  attachThread+0x4d
V  [libjvm.dylib+0x39867c]  JvmtiAgentThread::call_start_function()+0x38
V  [libjvm.dylib+0x563d17]  JavaThread::thread_main_inner()+0x9b
V  [libjvm.dylib+0x565412]  JavaThread::run()+0x1c2
V  [libjvm.dylib+0x484f82]  java_start(Thread*)+0xf6
C  [libsystem_pthread.dylib+0x399d]  _pthread_body+0x83
C  [libsystem_pthread.dylib+0x391a]  _pthread_body+0x0
C  [libsystem_pthread.dylib+0x1351]  thread_start+0xd
C  0x0000000000000000


---------------  P R O C E S S  ---------------

Java Threads: ( => current thread )
  0x00007fde63025000 JavaThread "Service Thread" daemon [_thread_blocked, id=20227, stack(0x000070000114d000,0x000070000124d000)]
  0x00007fde63815800 JavaThread "C1 CompilerThread2" daemon [_thread_blocked, id=19715, stack(0x000070000104a000,0x000070000114a000)]
  0x00007fde63024800 JavaThread "C2 CompilerThread1" daemon [_thread_blocked, id=19203, stack(0x0000700000f47000,0x0000700001047000)]
  0x00007fde64075000 JavaThread "C2 CompilerThread0" daemon [_thread_blocked, id=18691, stack(0x0000700000e44000,0x0000700000f44000)]
  0x00007fde63814800 JavaThread "JDWP Command Reader" daemon [_thread_in_native, id=18179, stack(0x0000700000d41000,0x0000700000e41000)]
  0x00007fde63814000 JavaThread "JDWP Event Helper Thread" daemon [_thread_blocked, id=17667, stack(0x0000700000c3e000,0x0000700000d3e000)]
=>0x00007fde63813000 JavaThread "JDWP Transport Listener: dt_socket" daemon [_thread_in_vm, id=17155, stack(0x0000700000b3b000,0x0000700000c3b000)]
  0x00007fde63036000 JavaThread "Signal Dispatcher" daemon [_thread_blocked, id=13839, stack(0x0000700000a38000,0x0000700000b38000)]
  0x00007fde63811800 JavaThread "Finalizer" daemon [_thread_blocked, id=12291, stack(0x000070000082f000,0x000070000092f000)]
  0x00007fde62808800 JavaThread "Reference Handler" daemon [_thread_blocked, id=11779, stack(0x000070000072c000,0x000070000082c000)]
  0x00007fde63803000 JavaThread "main" [_thread_blocked, id=5891, stack(0x000070000011a000,0x000070000021a000)]

Other Threads:
  0x00007fde6301d000 VMThread [stack: 0x0000700000629000,0x0000700000729000] [id=11267]
  0x00007fde62809000 WatcherThread [stack: 0x0000700001250000,0x0000700001350000] [id=20739]

VM state:not at safepoint (normal execution)

VM Mutex/Monitor currently owned by a thread: None

Heap:
 PSYoungGen      total 76288K, used 48610K [0x000000076ab00000, 0x0000000770000000, 0x00000007c0000000)
  eden space 65536K, 74% used [0x000000076ab00000,0x000000076da789a0,0x000000076eb00000)
  from space 10752K, 0% used [0x000000076f580000,0x000000076f580000,0x0000000770000000)
  to   space 10752K, 0% used [0x000000076eb00000,0x000000076eb00000,0x000000076f580000)
 ParOldGen       total 175104K, used 0K [0x00000006c0000000, 0x00000006cab00000, 0x000000076ab00000)
  object space 175104K, 0% used [0x00000006c0000000,0x00000006c0000000,0x00000006cab00000)
 Metaspace       used 10437K, capacity 10646K, committed 10752K, reserved 1058816K
  class space    used 1419K, capacity 1502K, committed 1536K, reserved 1048576K

Card table byte_map: [0x0000000111dc0000,0x00000001125c1000] byte_map_base: 0x000000010e7c0000

Marking Bits: (ParMarkBitMap*) 0x00000001019f4eb0
 Begin Bits: [0x0000000112b17000, 0x0000000116b17000)
 End Bits:   [0x0000000116b17000, 0x000000011ab17000)

Polling page: 0x00000001020e9000

CodeCache: size=245760Kb used=3480Kb max_used=3555Kb free=242279Kb
 bounds [0x0000000102a00000, 0x0000000102d80000, 0x0000000111a00000]
 total_blobs=1179 nmethods=862 adapters=239
 compilation: enabled

Compilation events (10 events):
Event: 644.458 Thread 0x00007fde64075000  864       4       gherkin.deps.com.google.gson.stream.JsonWriter::close (126 bytes)
Event: 644.464 Thread 0x00007fde64075000 nmethod 864 0x0000000102d4df10 code [0x0000000102d4e0a0, 0x0000000102d4e4e8]
Event: 654.508 Thread 0x00007fde63024800  865       4       gherkin.deps.com.google.gson.internal.StringMap$LinkedHashIterator::<init> (6 bytes)
Event: 654.510 Thread 0x00007fde63024800 nmethod 865 0x0000000102d4db10 code [0x0000000102d4dc60, 0x0000000102d4ddb8]
Event: 788.901 Thread 0x00007fde63024800  866       4       java.util.ArrayList::add (29 bytes)
Event: 788.909 Thread 0x00007fde63024800 nmethod 866 0x0000000102d4fb90 code [0x0000000102d4fd00, 0x0000000102d50188]
Event: 1011.614 Thread 0x00007fde63815800  867       3       gherkin.deps.com.google.gson.internal.StringMap::entrySet (28 bytes)
Event: 1011.614 Thread 0x00007fde63815800 nmethod 867 0x0000000102d4f390 code [0x0000000102d4f520, 0x0000000102d4f930]
Event: 1218.378 Thread 0x00007fde64075000  868       4       gherkin.deps.com.google.gson.stream.JsonWriter::endObject (13 bytes)
Event: 1218.383 Thread 0x00007fde64075000 nmethod 868 0x0000000102b23810 code [0x0000000102b239c0, 0x0000000102b23d28]

GC Heap History (0 events):
No events

Deoptimization events (5 events):
Event: 0.712 Thread 0x00007fde63803000 Uncommon trap: reason=unstable_if action=reinterpret pc=0x0000000102b4a0f0 method=sun.nio.cs.UTF_8$Encoder.encode([CII[B)I @ 33
Event: 0.749 Thread 0x00007fde63803000 Uncommon trap: reason=unstable_if action=reinterpret pc=0x0000000102c18eb8 method=sun.nio.cs.UTF_8$Encoder.encode([CII[B)I @ 95
Event: 1.043 Thread 0x00007fde63803000 Uncommon trap: reason=unstable_if action=reinterpret pc=0x0000000102b92f28 method=java.lang.String.indexOf([CII[CIII)I @ 3
Event: 1.183 Thread 0x00007fde63803000 Uncommon trap: reason=range_check action=make_not_entrant pc=0x0000000102c800b4 method=sun.reflect.generics.parser.SignatureParser.current()C @ 34
Event: 121.075 Thread 0x00007fde63803000 Uncommon trap: reason=predicate action=maybe_recompile pc=0x0000000102cd262c method=java.lang.String.regionMatches(ZILjava/lang/String;II)Z @ 63

Internal exceptions (10 events):
Event: 0.259 Thread 0x00007fde63803000 Exception <a 'java/security/PrivilegedActionException'> (0x000000076af108e0) thrown at [/Users/java_re/workspace/8-2-build-macosx-x86_64/jdk8u91/6644/hotspot/src/share/vm/prims/jvm.cpp, line 1386]
Event: 0.259 Thread 0x00007fde63803000 Exception <a 'java/security/PrivilegedActionException'> (0x000000076af10af0) thrown at [/Users/java_re/workspace/8-2-build-macosx-x86_64/jdk8u91/6644/hotspot/src/share/vm/prims/jvm.cpp, line 1386]
Event: 0.260 Thread 0x00007fde63803000 Exception <a 'java/security/PrivilegedActionException'> (0x000000076af13d90) thrown at [/Users/java_re/workspace/8-2-build-macosx-x86_64/jdk8u91/6644/hotspot/src/share/vm/prims/jvm.cpp, line 1386]
Event: 0.260 Thread 0x00007fde63803000 Exception <a 'java/security/PrivilegedActionException'> (0x000000076af13fa0) thrown at [/Users/java_re/workspace/8-2-build-macosx-x86_64/jdk8u91/6644/hotspot/src/share/vm/prims/jvm.cpp, line 1386]
Event: 1.180 Thread 0x00007fde63803000 Exception <a 'java/lang/ArrayIndexOutOfBoundsException'> (0x000000076c4bb7f0) thrown at [/Users/java_re/workspace/8-2-build-macosx-x86_64/jdk8u91/6644/hotspot/src/share/vm/runtime/sharedRuntime.cpp, line 605]
Event: 1.181 Thread 0x00007fde63803000 Exception <a 'java/lang/ArrayIndexOutOfBoundsException'> (0x000000076c4bdb28) thrown at [/Users/java_re/workspace/8-2-build-macosx-x86_64/jdk8u91/6644/hotspot/src/share/vm/runtime/sharedRuntime.cpp, line 605]
Event: 1.183 Thread 0x00007fde63803000 Exception <a 'java/lang/ArrayIndexOutOfBoundsException': 60> (0x000000076c4bf1c0) thrown at [/Users/java_re/workspace/8-2-build-macosx-x86_64/jdk8u91/6644/hotspot/src/share/vm/interpreter/interpreterRuntime.cpp, line 366]
Event: 1.184 Thread 0x00007fde63803000 Exception <a 'java/lang/ArrayIndexOutOfBoundsException': 40> (0x000000076c4c00c8) thrown at [/Users/java_re/workspace/8-2-build-macosx-x86_64/jdk8u91/6644/hotspot/src/share/vm/interpreter/interpreterRuntime.cpp, line 366]
Event: 121.123 Thread 0x00007fde63803000 Exception <a 'java/lang/NoSuchFieldError': method resolution failed> (0x000000076d1b80e0) thrown at [/Users/java_re/workspace/8-2-build-macosx-x86_64/jdk8u91/6644/hotspot/src/share/vm/prims/methodHandles.cpp, line 1146]
Event: 121.127 Thread 0x00007fde63803000 Exception <a 'java/lang/NoSuchFieldError': method resolution failed> (0x000000076d1c57a0) thrown at [/Users/java_re/workspace/8-2-build-macosx-x86_64/jdk8u91/6644/hotspot/src/share/vm/prims/methodHandles.cpp, line 1146]

Events (10 events):
Event: 4360.316 Executing VM operation: GetOrSetLocal
Event: 4360.316 Executing VM operation: GetOrSetLocal done
Event: 4360.317 Executing VM operation: ForceSafepoint
Event: 4360.317 Executing VM operation: ForceSafepoint done
Event: 4488.709 Executing VM operation: ChangeBreakpoints
Event: 4488.709 Executing VM operation: ChangeBreakpoints done
Event: 4488.717 Executing VM operation: RedefineClasses
Event: 4488.725 Executing VM operation: RedefineClasses done
Event: 4488.728 Executing VM operation: GetOrSetLocal
Event: 4488.728 Executing VM operation: GetOrSetLocal done


Dynamic libraries:
0x000000000990e000 	/System/Library/Frameworks/Cocoa.framework/Versions/A/Cocoa
0x000000000990e000 	/System/Library/Frameworks/Security.framework/Versions/A/Security
0x000000000990e000 	/System/Library/Frameworks/ApplicationServices.framework/Versions/A/ApplicationServices
0x000000000990e000 	/usr/lib/libz.1.dylib
0x000000000990e000 	/usr/lib/libSystem.B.dylib
0x000000000990e000 	/usr/lib/libobjc.A.dylib
0x000000000990e000 	/System/Library/Frameworks/CoreFoundation.framework/Versions/A/CoreFoundation
0x000000000990e000 	/System/Library/Frameworks/Foundation.framework/Versions/C/Foundation
0x000000000990e000 	/System/Library/Frameworks/AppKit.framework/Versions/C/AppKit
0x000000000990e000 	/System/Library/Frameworks/CoreData.framework/Versions/A/CoreData
0x000000000990e000 	/System/Library/PrivateFrameworks/RemoteViewServices.framework/Versions/A/RemoteViewServices
0x000000000990e000 	/System/Library/PrivateFrameworks/UIFoundation.framework/Versions/A/UIFoundation
0x000000000990e000 	/usr/lib/libScreenReader.dylib
0x000000000990e000 	/System/Library/Frameworks/Accelerate.framework/Versions/A/Accelerate
0x000000000990e000 	/System/Library/Frameworks/IOSurface.framework/Versions/A/IOSurface
0x000000000990e000 	/System/Library/Frameworks/AudioToolbox.framework/Versions/A/AudioToolbox
0x000000000990e000 	/System/Library/Frameworks/AudioUnit.framework/Versions/A/AudioUnit
0x000000000990e000 	/System/Library/PrivateFrameworks/DataDetectorsCore.framework/Versions/A/DataDetectorsCore
0x000000000990e000 	/System/Library/PrivateFrameworks/DesktopServicesPriv.framework/Versions/A/DesktopServicesPriv
0x000000000990e000 	/System/Library/Frameworks/Carbon.framework/Versions/A/Frameworks/HIToolbox.framework/Versions/A/HIToolbox
0x000000000990e000 	/System/Library/Frameworks/QuartzCore.framework/Versions/A/QuartzCore
0x000000000990e000 	/System/Library/Frameworks/Carbon.framework/Versions/A/Frameworks/SpeechRecognition.framework/Versions/A/SpeechRecognition
0x000000000990e000 	/usr/lib/libauto.dylib
0x000000000990e000 	/usr/lib/libicucore.A.dylib
0x000000000990e000 	/usr/lib/libxml2.2.dylib
0x000000000990e000 	/System/Library/PrivateFrameworks/CoreUI.framework/Versions/A/CoreUI
0x000000000990e000 	/System/Library/Frameworks/CoreAudio.framework/Versions/A/CoreAudio
0x000000000990e000 	/System/Library/Frameworks/DiskArbitration.framework/Versions/A/DiskArbitration
0x000000000990e000 	/usr/lib/liblangid.dylib
0x000000000990e000 	/System/Library/PrivateFrameworks/MultitouchSupport.framework/Versions/A/MultitouchSupport
0x000000000990e000 	/System/Library/Frameworks/IOKit.framework/Versions/A/IOKit
0x000000000990e000 	/usr/lib/libDiagnosticMessagesClient.dylib
0x000000000990e000 	/System/Library/Frameworks/CoreServices.framework/Versions/A/CoreServices
0x000000000990e000 	/System/Library/PrivateFrameworks/PerformanceAnalysis.framework/Versions/A/PerformanceAnalysis
0x000000000990e000 	/System/Library/PrivateFrameworks/GenerationalStorage.framework/Versions/A/GenerationalStorage
0x000000000990e000 	/System/Library/Frameworks/OpenGL.framework/Versions/A/OpenGL
0x000000000990e000 	/System/Library/PrivateFrameworks/Sharing.framework/Versions/A/Sharing
0x000000000990e000 	/System/Library/Frameworks/CoreGraphics.framework/Versions/A/CoreGraphics
0x000000000990e000 	/System/Library/Frameworks/CoreImage.framework/Versions/A/CoreImage
0x000000000990e000 	/System/Library/Frameworks/CoreText.framework/Versions/A/CoreText
0x000000000990e000 	/System/Library/Frameworks/ImageIO.framework/Versions/A/ImageIO
0x000000000990e000 	/System/Library/PrivateFrameworks/Backup.framework/Versions/A/Backup
0x000000000990e000 	/usr/lib/libextension.dylib
0x000000000990e000 	/usr/lib/libarchive.2.dylib
0x000000000990e000 	/System/Library/Frameworks/CFNetwork.framework/Versions/A/CFNetwork
0x000000000990e000 	/System/Library/Frameworks/SystemConfiguration.framework/Versions/A/SystemConfiguration
0x000000000990e000 	/usr/lib/libCRFSuite.dylib
0x000000000990e000 	/usr/lib/libc++.1.dylib
0x000000000990e000 	/usr/lib/libc++abi.dylib
0x000000000990e000 	/usr/lib/system/libcache.dylib
0x000000000990e000 	/usr/lib/system/libcommonCrypto.dylib
0x000000000990e000 	/usr/lib/system/libcompiler_rt.dylib
0x000000000990e000 	/usr/lib/system/libcopyfile.dylib
0x000000000990e000 	/usr/lib/system/libcorecrypto.dylib
0x000000000990e000 	/usr/lib/system/libdispatch.dylib
0x000000000990e000 	/usr/lib/system/libdyld.dylib
0x000000000990e000 	/usr/lib/system/libkeymgr.dylib
0x000000000990e000 	/usr/lib/system/liblaunch.dylib
0x000000000990e000 	/usr/lib/system/libmacho.dylib
0x000000000990e000 	/usr/lib/system/libquarantine.dylib
0x000000000990e000 	/usr/lib/system/libremovefile.dylib
0x000000000990e000 	/usr/lib/system/libsystem_asl.dylib
0x000000000990e000 	/usr/lib/system/libsystem_blocks.dylib
0x000000000990e000 	/usr/lib/system/libsystem_c.dylib
0x000000000990e000 	/usr/lib/system/libsystem_configuration.dylib
0x000000000990e000 	/usr/lib/system/libsystem_coreservices.dylib
0x000000000990e000 	/usr/lib/system/libsystem_coretls.dylib
0x000000000990e000 	/usr/lib/system/libsystem_dnssd.dylib
0x000000000990e000 	/usr/lib/system/libsystem_info.dylib
0x000000000990e000 	/usr/lib/system/libsystem_kernel.dylib
0x000000000990e000 	/usr/lib/system/libsystem_m.dylib
0x000000000990e000 	/usr/lib/system/libsystem_malloc.dylib
0x000000000990e000 	/usr/lib/system/libsystem_network.dylib
0x000000000990e000 	/usr/lib/system/libsystem_networkextension.dylib
0x000000000990e000 	/usr/lib/system/libsystem_notify.dylib
0x000000000990e000 	/usr/lib/system/libsystem_platform.dylib
0x000000000990e000 	/usr/lib/system/libsystem_pthread.dylib
0x000000000990e000 	/usr/lib/system/libsystem_sandbox.dylib
0x000000000990e000 	/usr/lib/system/libsystem_secinit.dylib
0x000000000990e000 	/usr/lib/system/libsystem_trace.dylib
0x000000000990e000 	/usr/lib/system/libunc.dylib
0x000000000990e000 	/usr/lib/system/libunwind.dylib
0x000000000990e000 	/usr/lib/system/libxpc.dylib
0x000000000990e000 	/usr/lib/libenergytrace.dylib
0x000000000990e000 	/usr/lib/libbsm.0.dylib
0x000000000990e000 	/usr/lib/system/libkxld.dylib
0x000000000990e000 	/usr/lib/libxar.1.dylib
0x000000000990e000 	/usr/lib/libsqlite3.dylib
0x000000000990e000 	/usr/lib/libpam.2.dylib
0x000000000990e000 	/usr/lib/libOpenScriptingUtil.dylib
0x000000000990e000 	/usr/lib/libbz2.1.0.dylib
0x000000000990e000 	/usr/lib/liblzma.5.dylib
0x000000000990e000 	/System/Library/Frameworks/CoreServices.framework/Versions/A/Frameworks/FSEvents.framework/Versions/A/FSEvents
0x000000000990e000 	/System/Library/Frameworks/CoreServices.framework/Versions/A/Frameworks/CarbonCore.framework/Versions/A/CarbonCore
0x000000000990e000 	/System/Library/Frameworks/CoreServices.framework/Versions/A/Frameworks/Metadata.framework/Versions/A/Metadata
0x000000000990e000 	/System/Library/Frameworks/CoreServices.framework/Versions/A/Frameworks/OSServices.framework/Versions/A/OSServices
0x000000000990e000 	/System/Library/Frameworks/CoreServices.framework/Versions/A/Frameworks/SearchKit.framework/Versions/A/SearchKit
0x000000000990e000 	/System/Library/Frameworks/CoreServices.framework/Versions/A/Frameworks/AE.framework/Versions/A/AE
0x000000000990e000 	/System/Library/Frameworks/CoreServices.framework/Versions/A/Frameworks/LaunchServices.framework/Versions/A/LaunchServices
0x000000000990e000 	/System/Library/Frameworks/CoreServices.framework/Versions/A/Frameworks/DictionaryServices.framework/Versions/A/DictionaryServices
0x000000000990e000 	/System/Library/Frameworks/CoreServices.framework/Versions/A/Frameworks/SharedFileList.framework/Versions/A/SharedFileList
0x000000000990e000 	/System/Library/Frameworks/NetFS.framework/Versions/A/NetFS
0x000000000990e000 	/System/Library/PrivateFrameworks/NetAuth.framework/Versions/A/NetAuth
0x000000000990e000 	/System/Library/PrivateFrameworks/login.framework/Versions/A/Frameworks/loginsupport.framework/Versions/A/loginsupport
0x000000000990e000 	/System/Library/PrivateFrameworks/TCC.framework/Versions/A/TCC
0x000000000990e000 	/usr/lib/libmecabra.dylib
0x000000000990e000 	/System/Library/Frameworks/ApplicationServices.framework/Versions/A/Frameworks/ATS.framework/Versions/A/ATS
0x000000000990e000 	/System/Library/Frameworks/ApplicationServices.framework/Versions/A/Frameworks/ColorSync.framework/Versions/A/ColorSync
0x000000000990e000 	/System/Library/Frameworks/ApplicationServices.framework/Versions/A/Frameworks/HIServices.framework/Versions/A/HIServices
0x000000000990e000 	/System/Library/Frameworks/ApplicationServices.framework/Versions/A/Frameworks/LangAnalysis.framework/Versions/A/LangAnalysis
0x000000000990e000 	/System/Library/Frameworks/ApplicationServices.framework/Versions/A/Frameworks/PrintCore.framework/Versions/A/PrintCore
0x000000000990e000 	/System/Library/Frameworks/ApplicationServices.framework/Versions/A/Frameworks/QD.framework/Versions/A/QD
0x000000000990e000 	/System/Library/Frameworks/ApplicationServices.framework/Versions/A/Frameworks/SpeechSynthesis.framework/Versions/A/SpeechSynthesis
0x000000000990e000 	/System/Library/Frameworks/Metal.framework/Versions/A/Metal
0x000000000990e000 	/System/Library/Frameworks/Accelerate.framework/Versions/A/Frameworks/vImage.framework/Versions/A/vImage
0x000000000990e000 	/System/Library/Frameworks/Accelerate.framework/Versions/A/Frameworks/vecLib.framework/Versions/A/vecLib
0x000000000990e000 	/System/Library/Frameworks/Accelerate.framework/Versions/A/Frameworks/vecLib.framework/Versions/A/libvDSP.dylib
0x000000000990e000 	/System/Library/Frameworks/Accelerate.framework/Versions/A/Frameworks/vecLib.framework/Versions/A/libvMisc.dylib
0x000000000990e000 	/System/Library/Frameworks/Accelerate.framework/Versions/A/Frameworks/vecLib.framework/Versions/A/libLAPACK.dylib
0x000000000990e000 	/System/Library/Frameworks/Accelerate.framework/Versions/A/Frameworks/vecLib.framework/Versions/A/libBLAS.dylib
0x000000000990e000 	/System/Library/Frameworks/Accelerate.framework/Versions/A/Frameworks/vecLib.framework/Versions/A/libLinearAlgebra.dylib
0x000000000990e000 	/System/Library/Frameworks/Accelerate.framework/Versions/A/Frameworks/vecLib.framework/Versions/A/libSparseBLAS.dylib
0x000000000990e000 	/System/Library/PrivateFrameworks/GPUCompiler.framework/libmetal_timestamp.dylib
0x000000000990e000 	/System/Library/Frameworks/OpenGL.framework/Versions/A/Libraries/libCoreFSCache.dylib
0x000000000990e000 	/System/Library/PrivateFrameworks/IOAccelerator.framework/Versions/A/IOAccelerator
0x000000000990e000 	/System/Library/Frameworks/ApplicationServices.framework/Versions/A/Frameworks/ATS.framework/Versions/A/Resources/libFontParser.dylib
0x000000000990e000 	/System/Library/Frameworks/ApplicationServices.framework/Versions/A/Frameworks/ATS.framework/Versions/A/Resources/libFontRegistry.dylib
0x000000000990e000 	/System/Library/PrivateFrameworks/AppleVPA.framework/Versions/A/AppleVPA
0x000000000990e000 	/System/Library/PrivateFrameworks/AppleJPEG.framework/Versions/A/AppleJPEG
0x000000000990e000 	/System/Library/Frameworks/ImageIO.framework/Versions/A/Resources/libJPEG.dylib
0x000000000990e000 	/System/Library/Frameworks/ImageIO.framework/Versions/A/Resources/libTIFF.dylib
0x000000000990e000 	/System/Library/Frameworks/ImageIO.framework/Versions/A/Resources/libPng.dylib
0x000000000990e000 	/System/Library/Frameworks/ImageIO.framework/Versions/A/Resources/libGIF.dylib
0x000000000990e000 	/System/Library/Frameworks/ImageIO.framework/Versions/A/Resources/libJP2.dylib
0x000000000990e000 	/System/Library/Frameworks/ImageIO.framework/Versions/A/Resources/libRadiance.dylib
0x000000000990e000 	/System/Library/Frameworks/CoreVideo.framework/Versions/A/CoreVideo
0x000000000990e000 	/System/Library/Frameworks/OpenGL.framework/Versions/A/Libraries/libGLU.dylib
0x000000000990e000 	/System/Library/Frameworks/OpenGL.framework/Versions/A/Libraries/libGFXShared.dylib
0x000000000990e000 	/System/Library/Frameworks/OpenGL.framework/Versions/A/Libraries/libGL.dylib
0x000000000990e000 	/System/Library/Frameworks/OpenGL.framework/Versions/A/Libraries/libGLImage.dylib
0x000000000990e000 	/System/Library/Frameworks/OpenGL.framework/Versions/A/Libraries/libCVMSPluginSupport.dylib
0x000000000990e000 	/System/Library/Frameworks/OpenGL.framework/Versions/A/Libraries/libCoreVMClient.dylib
0x000000000990e000 	/usr/lib/libcompression.dylib
0x000000000990e000 	/usr/lib/libcups.2.dylib
0x000000000990e000 	/System/Library/Frameworks/Kerberos.framework/Versions/A/Kerberos
0x000000000990e000 	/System/Library/Frameworks/GSS.framework/Versions/A/GSS
0x000000000990e000 	/usr/lib/libresolv.9.dylib
0x000000000990e000 	/usr/lib/libiconv.2.dylib
0x000000000990e000 	/System/Library/PrivateFrameworks/Heimdal.framework/Versions/A/Heimdal
0x000000000990e000 	/usr/lib/libheimdal-asn1.dylib
0x000000000990e000 	/System/Library/Frameworks/OpenDirectory.framework/Versions/A/OpenDirectory
0x000000000990e000 	/System/Library/PrivateFrameworks/CommonAuth.framework/Versions/A/CommonAuth
0x000000000990e000 	/System/Library/Frameworks/OpenDirectory.framework/Versions/A/Frameworks/CFOpenDirectory.framework/Versions/A/CFOpenDirectory
0x000000000990e000 	/System/Library/Frameworks/SecurityFoundation.framework/Versions/A/SecurityFoundation
0x000000000990e000 	/System/Library/PrivateFrameworks/LanguageModeling.framework/Versions/A/LanguageModeling
0x000000000990e000 	/usr/lib/libmarisa.dylib
0x000000000990e000 	/usr/lib/libChineseTokenizer.dylib
0x000000000990e000 	/usr/lib/libcmph.dylib
0x000000000990e000 	/System/Library/Frameworks/ServiceManagement.framework/Versions/A/ServiceManagement
0x000000000990e000 	/usr/lib/libxslt.1.dylib
0x000000000990e000 	/System/Library/Frameworks/Carbon.framework/Versions/A/Frameworks/Ink.framework/Versions/A/Ink
0x000000000990e000 	/usr/lib/libFosl_dynamic.dylib
0x000000000990e000 	/System/Library/PrivateFrameworks/FaceCore.framework/Versions/A/FaceCore
0x000000000990e000 	/System/Library/Frameworks/OpenCL.framework/Versions/A/OpenCL
0x000000000990e000 	/System/Library/PrivateFrameworks/CrashReporterSupport.framework/Versions/A/CrashReporterSupport
0x000000000990e000 	/System/Library/PrivateFrameworks/IconServices.framework/Versions/A/IconServices
0x000000000990e000 	/System/Library/PrivateFrameworks/Apple80211.framework/Versions/A/Apple80211
0x000000000990e000 	/System/Library/Frameworks/CoreWLAN.framework/Versions/A/CoreWLAN
0x000000000990e000 	/System/Library/Frameworks/IOBluetooth.framework/Versions/A/IOBluetooth
0x000000000990e000 	/System/Library/PrivateFrameworks/CoreWiFi.framework/Versions/A/CoreWiFi
0x000000000990e000 	/System/Library/Frameworks/CoreBluetooth.framework/Versions/A/CoreBluetooth
0x000000000990e000 	/System/Library/PrivateFrameworks/ChunkingLibrary.framework/Versions/A/ChunkingLibrary
0x000000000990e000 	/System/Library/PrivateFrameworks/DebugSymbols.framework/Versions/A/DebugSymbols
0x000000000990e000 	/System/Library/PrivateFrameworks/CoreSymbolication.framework/Versions/A/CoreSymbolication
0x000000000990e000 	/System/Library/PrivateFrameworks/Symbolication.framework/Versions/A/Symbolication
0x000000000990e000 	/System/Library/PrivateFrameworks/SpeechRecognitionCore.framework/Versions/A/SpeechRecognitionCore
0x000000010110e000 	/Library/Java/JavaVirtualMachines/jdk1.8.0_91.jdk/Contents/Home/jre/lib/server/libjvm.dylib
0x000000000990e000 	/usr/lib/libstdc++.6.dylib
0x00000001020a6000 	/Library/Java/JavaVirtualMachines/jdk1.8.0_91.jdk/Contents/Home/jre/lib/libverify.dylib
0x00000001020b4000 	/Library/Java/JavaVirtualMachines/jdk1.8.0_91.jdk/Contents/Home/jre/lib/libjava.dylib
0x00000001020ea000 	/Library/Java/JavaVirtualMachines/jdk1.8.0_91.jdk/Contents/Home/jre/lib/libjdwp.dylib
0x0000000102135000 	/Library/Java/JavaVirtualMachines/jdk1.8.0_91.jdk/Contents/Home/jre/lib/libnpt.dylib
0x0000000102142000 	/Library/Java/JavaVirtualMachines/jdk1.8.0_91.jdk/Contents/Home/jre/lib/libzip.dylib
0x00000001021e4000 	/System/Library/Frameworks/JavaVM.framework/Frameworks/JavaRuntimeSupport.framework/JavaRuntimeSupport
0x000000011cd9d000 	/System/Library/Frameworks/JavaVM.framework/Versions/A/Frameworks/JavaNativeFoundation.framework/Versions/A/JavaNativeFoundation
0x000000011cdb2000 	/System/Library/Frameworks/JavaVM.framework/Versions/A/JavaVM
0x000000000990e000 	/System/Library/Frameworks/Carbon.framework/Versions/A/Carbon
0x000000011cdbf000 	/System/Library/PrivateFrameworks/JavaLaunching.framework/Versions/A/JavaLaunching
0x000000000990e000 	/System/Library/Frameworks/Carbon.framework/Versions/A/Frameworks/CommonPanels.framework/Versions/A/CommonPanels
0x000000000990e000 	/System/Library/Frameworks/Carbon.framework/Versions/A/Frameworks/Help.framework/Versions/A/Help
0x000000000990e000 	/System/Library/Frameworks/Carbon.framework/Versions/A/Frameworks/ImageCapture.framework/Versions/A/ImageCapture
0x000000000990e000 	/System/Library/Frameworks/Carbon.framework/Versions/A/Frameworks/OpenScripting.framework/Versions/A/OpenScripting
0x000000000990e000 	/System/Library/Frameworks/Carbon.framework/Versions/A/Frameworks/Print.framework/Versions/A/Print
0x000000000990e000 	/System/Library/Frameworks/Carbon.framework/Versions/A/Frameworks/SecurityHI.framework/Versions/A/SecurityHI
0x000000011e6e2000 	/Library/Java/JavaVirtualMachines/jdk1.8.0_91.jdk/Contents/Home/jre/lib/libdt_socket.dylib
0x000000011e861000 	/Library/Java/JavaVirtualMachines/jdk1.8.0_91.jdk/Contents/Home/jre/lib/libnet.dylib

VM Arguments:
jvm_args: -agentlib:jdwp=transport=dt_socket,address=127.0.0.1:51858,suspend=y,server=n -ea -Didea.junit.sm_runner -Dfile.encoding=UTF-8 
java_command: com.intellij.rt.execution.junit.JUnitStarter -ideVersion5 cucumberTests.CucumberRunner
java_class_path (initial): /Applications/IntelliJ IDEA CE.app/Contents/lib/idea_rt.jar:/Applications/IntelliJ IDEA CE.app/Contents/plugins/junit/lib/junit-rt.jar:/Library/Java/JavaVirtualMachines/jdk1.8.0_91.jdk/Contents/Home/jre/lib/charsets.jar:/Library/Java/JavaVirtualMachines/jdk1.8.0_91.jdk/Contents/Home/jre/lib/deploy.jar:/Library/Java/JavaVirtualMachines/jdk1.8.0_91.jdk/Contents/Home/jre/lib/ext/cldrdata.jar:/Library/Java/JavaVirtualMachines/jdk1.8.0_91.jdk/Contents/Home/jre/lib/ext/dnsns.jar:/Library/Java/JavaVirtualMachines/jdk1.8.0_91.jdk/Contents/Home/jre/lib/ext/jaccess.jar:/Library/Java/JavaVirtualMachines/jdk1.8.0_91.jdk/Contents/Home/jre/lib/ext/jfxrt.jar:/Library/Java/JavaVirtualMachines/jdk1.8.0_91.jdk/Contents/Home/jre/lib/ext/localedata.jar:/Library/Java/JavaVirtualMachines/jdk1.8.0_91.jdk/Contents/Home/jre/lib/ext/nashorn.jar:/Library/Java/JavaVirtualMachines/jdk1.8.0_91.jdk/Contents/Home/jre/lib/ext/sunec.jar:/Library/Java/JavaVirtualMachines/jdk1.8.0_91.jdk/Contents/Home/jre/lib/ext/sunjce_provider.jar:/Library/Java/JavaVirtualMachines/jdk1.8.0_91.jdk/Contents/Home/jre/lib/ext/sunpkcs11.jar:/Library/Java/JavaVirtualMachines/jdk1.8.0_91.jdk/Contents/Home/jre/lib/ext/zipfs.jar:/Library/Java/JavaVirtualMachines/jdk1.8.0_91.jdk/Contents/Home/jre/lib/javaws.jar:/Library/Java/JavaVirtualMachines/jdk1.8.0_91.jdk/Contents/Home/jre/lib/jce.jar:/Library/Java/JavaVirtualMachines/jdk1.8.0_91.jdk/Contents/Home/jre/lib/jfr.jar:/Library/Java/JavaVirtualMachines/jdk1.8.0_91.jdk/Contents/Home/jre/lib/jfxswt.jar:/Library/Java/JavaVirtualMachines/jdk1.8.0_91.jdk/Contents/Home/jre/lib/jsse.jar:/Library/Java/JavaVirtualMachines/jdk1.8.0_91.jdk/Contents/Home/jre/lib/management-agent.jar:/Library/Java/JavaVirtualMachines/jdk1.8.0_91.jdk/Contents/Home/jre/lib/plugin.jar:/Library/Java/JavaVirtualMachines/jdk1.8.0_91.jdk/Contents/Home/jre/lib/resources.jar:/Library/Java/JavaVirtualMachines/jdk1.8.0_91.jdk/Contents/Home/jre/lib/rt.jar:/Library/Java/JavaVirtualMachines/
Launcher Type: SUN_STANDARD

Environment Variables:
PATH=/usr/local/bin:/usr/bin:/bin:/usr/sbin:/sbin
SHELL=/bin/bash

Signal Handlers:
SIGSEGV: [libjvm.dylib+0x5a97a1], sa_mask[0]=11111111011111110111111111111111, sa_flags=SA_ONSTACK|SA_RESTART|SA_SIGINFO
SIGBUS: [libjvm.dylib+0x5a97a1], sa_mask[0]=11111111011111110111111111111111, sa_flags=SA_RESTART|SA_SIGINFO
SIGFPE: [libjvm.dylib+0x482594], sa_mask[0]=11111111011111110111111111111111, sa_flags=SA_RESTART|SA_SIGINFO
SIGPIPE: [libjvm.dylib+0x482594], sa_mask[0]=11111111011111110111111111111111, sa_flags=SA_RESTART|SA_SIGINFO
SIGXFSZ: [libjvm.dylib+0x482594], sa_mask[0]=11111111011111110111111111111111, sa_flags=SA_RESTART|SA_SIGINFO
SIGILL: [libjvm.dylib+0x482594], sa_mask[0]=11111111011111110111111111111111, sa_flags=SA_RESTART|SA_SIGINFO
SIGUSR1: SIG_DFL, sa_mask[0]=00000000000000000000000000000000, sa_flags=none
SIGUSR2: [libjvm.dylib+0x4820b2], sa_mask[0]=00100000000000000000000000000000, sa_flags=SA_RESTART|SA_SIGINFO
SIGHUP: [libjvm.dylib+0x480689], sa_mask[0]=11111111011111110111111111111111, sa_flags=SA_RESTART|SA_SIGINFO
SIGINT: [libjvm.dylib+0x480689], sa_mask[0]=11111111011111110111111111111111, sa_flags=SA_RESTART|SA_SIGINFO
SIGTERM: [libjvm.dylib+0x480689], sa_mask[0]=11111111011111110111111111111111, sa_flags=SA_RESTART|SA_SIGINFO
SIGQUIT: [libjvm.dylib+0x480689], sa_mask[0]=11111111011111110111111111111111, sa_flags=SA_RESTART|SA_SIGINFO


---------------  S Y S T E M  ---------------

OS:Bsduname:Darwin 15.6.0 Darwin Kernel Version 15.6.0: Thu Sep  1 15:01:16 PDT 2016; root:xnu-3248.60.11~2/RELEASE_X86_64 x86_64
rlimit: STACK 8192k, CORE 0k, NPROC 709, NOFILE 10240, AS infinity
load average:2.54 1.90 1.73

CPU:total 4 (2 cores per cpu, 2 threads per core) family 6 model 58 stepping 9, cmov, cx8, fxsr, mmx, sse, sse2, sse3, ssse3, sse4.1, sse4.2, popcnt, avx, aes, clmul, erms, ht, tsc, tscinvbit, tscinv

Memory: 4k page, physical 16777216k(1693956k free)

/proc/meminfo:


vm_info: Java HotSpot(TM) 64-Bit Server VM (25.91-b14) for bsd-amd64 JRE (1.8.0_91-b14), built on Apr  1 2016 01:03:00 by "java_re" with gcc 4.2.1 (Based on Apple Inc. build 5658) (LLVM build 2336.11.00)

time: Mon Nov 28 18:07:27 2016
elapsed time: 4488 seconds (0d 1h 14m 48s)

